{"C:\\Users\\tanshuangxi\\Documents\\重构项目\\FD重构相关\\Ivy\\tools\\is.ts": {"path":"C:\\Users\\tanshuangxi\\Documents\\重构项目\\FD重构相关\\Ivy\\tools\\is.ts","statementMap":{"0":{"start":{"line":7,"column":24},"end":{"line":8,"column":34}},"1":{"start":{"line":8,"column":2},"end":{"line":8,"column":34}},"2":{"start":{"line":10,"column":24},"end":{"line":11,"column":34}},"3":{"start":{"line":11,"column":2},"end":{"line":11,"column":34}},"4":{"start":{"line":13,"column":25},"end":{"line":14,"column":35}},"5":{"start":{"line":14,"column":2},"end":{"line":14,"column":35}},"6":{"start":{"line":16,"column":23},"end":{"line":16,"column":74}},"7":{"start":{"line":16,"column":56},"end":{"line":16,"column":74}},"8":{"start":{"line":18,"column":24},"end":{"line":19,"column":34}},"9":{"start":{"line":19,"column":2},"end":{"line":19,"column":34}},"10":{"start":{"line":21,"column":22},"end":{"line":22,"column":32}},"11":{"start":{"line":22,"column":2},"end":{"line":22,"column":32}},"12":{"start":{"line":24,"column":24},"end":{"line":25,"column":34}},"13":{"start":{"line":25,"column":2},"end":{"line":25,"column":34}},"14":{"start":{"line":27,"column":24},"end":{"line":28,"column":67}},"15":{"start":{"line":28,"column":2},"end":{"line":28,"column":67}},"16":{"start":{"line":30,"column":25},"end":{"line":32,"column":19}},"17":{"start":{"line":32,"column":2},"end":{"line":32,"column":19}},"18":{"start":{"line":34,"column":21},"end":{"line":35,"column":31}},"19":{"start":{"line":35,"column":2},"end":{"line":35,"column":31}},"20":{"start":{"line":37,"column":22},"end":{"line":37,"column":65}},"21":{"start":{"line":37,"column":53},"end":{"line":37,"column":65}},"22":{"start":{"line":39,"column":24},"end":{"line":39,"column":53}},"23":{"start":{"line":41,"column":24},"end":{"line":41,"column":33}},"24":{"start":{"line":44,"column":26},"end":{"line":45,"column":27}},"25":{"start":{"line":45,"column":2},"end":{"line":45,"column":27}},"26":{"start":{"line":47,"column":21},"end":{"line":52,"column":1}},"27":{"start":{"line":50,"column":4},"end":{"line":50,"column":171}},"28":{"start":{"line":51,"column":2},"end":{"line":51,"column":23}},"29":{"start":{"line":60,"column":23},"end":{"line":72,"column":1}},"30":{"start":{"line":61,"column":2},"end":{"line":63,"column":3}},"31":{"start":{"line":62,"column":4},"end":{"line":62,"column":27}},"32":{"start":{"line":65,"column":2},"end":{"line":67,"column":3}},"33":{"start":{"line":66,"column":4},"end":{"line":66,"column":25}},"34":{"start":{"line":68,"column":2},"end":{"line":70,"column":3}},"35":{"start":{"line":69,"column":4},"end":{"line":69,"column":40}},"36":{"start":{"line":71,"column":2},"end":{"line":71,"column":14}},"37":{"start":{"line":74,"column":21},"end":{"line":75,"column":28}},"38":{"start":{"line":75,"column":2},"end":{"line":75,"column":28}},"39":{"start":{"line":77,"column":23},"end":{"line":77,"column":70}},"40":{"start":{"line":77,"column":59},"end":{"line":77,"column":70}},"41":{"start":{"line":79,"column":29},"end":{"line":80,"column":29}},"42":{"start":{"line":80,"column":2},"end":{"line":80,"column":29}},"43":{"start":{"line":82,"column":25},"end":{"line":83,"column":18}},"44":{"start":{"line":83,"column":2},"end":{"line":83,"column":18}},"45":{"start":{"line":92,"column":26},"end":{"line":95,"column":1}},"46":{"start":{"line":93,"column":14},"end":{"line":93,"column":50}},"47":{"start":{"line":94,"column":2},"end":{"line":94,"column":24}},"48":{"start":{"line":101,"column":30},"end":{"line":102,"column":72}},"49":{"start":{"line":102,"column":2},"end":{"line":102,"column":72}}},"fnMap":{"0":{"name":"(anonymous_0)","decl":{"start":{"line":7,"column":24},"end":{"line":7,"column":25}},"loc":{"start":{"line":8,"column":2},"end":{"line":8,"column":34}},"line":8},"1":{"name":"(anonymous_1)","decl":{"start":{"line":10,"column":24},"end":{"line":10,"column":25}},"loc":{"start":{"line":11,"column":2},"end":{"line":11,"column":34}},"line":11},"2":{"name":"(anonymous_2)","decl":{"start":{"line":13,"column":25},"end":{"line":13,"column":26}},"loc":{"start":{"line":14,"column":2},"end":{"line":14,"column":35}},"line":14},"3":{"name":"(anonymous_3)","decl":{"start":{"line":16,"column":23},"end":{"line":16,"column":24}},"loc":{"start":{"line":16,"column":56},"end":{"line":16,"column":74}},"line":16},"4":{"name":"(anonymous_4)","decl":{"start":{"line":18,"column":24},"end":{"line":18,"column":25}},"loc":{"start":{"line":19,"column":2},"end":{"line":19,"column":34}},"line":19},"5":{"name":"(anonymous_5)","decl":{"start":{"line":21,"column":22},"end":{"line":21,"column":23}},"loc":{"start":{"line":22,"column":2},"end":{"line":22,"column":32}},"line":22},"6":{"name":"(anonymous_6)","decl":{"start":{"line":24,"column":24},"end":{"line":24,"column":25}},"loc":{"start":{"line":25,"column":2},"end":{"line":25,"column":34}},"line":25},"7":{"name":"(anonymous_7)","decl":{"start":{"line":27,"column":24},"end":{"line":27,"column":25}},"loc":{"start":{"line":28,"column":2},"end":{"line":28,"column":67}},"line":28},"8":{"name":"(anonymous_8)","decl":{"start":{"line":30,"column":25},"end":{"line":30,"column":26}},"loc":{"start":{"line":32,"column":2},"end":{"line":32,"column":19}},"line":32},"9":{"name":"(anonymous_9)","decl":{"start":{"line":34,"column":21},"end":{"line":34,"column":22}},"loc":{"start":{"line":35,"column":2},"end":{"line":35,"column":31}},"line":35},"10":{"name":"(anonymous_10)","decl":{"start":{"line":37,"column":22},"end":{"line":37,"column":23}},"loc":{"start":{"line":37,"column":53},"end":{"line":37,"column":65}},"line":37},"11":{"name":"(anonymous_11)","decl":{"start":{"line":44,"column":26},"end":{"line":44,"column":27}},"loc":{"start":{"line":45,"column":2},"end":{"line":45,"column":27}},"line":45},"12":{"name":"(anonymous_12)","decl":{"start":{"line":47,"column":21},"end":{"line":47,"column":22}},"loc":{"start":{"line":47,"column":48},"end":{"line":52,"column":1}},"line":47},"13":{"name":"(anonymous_13)","decl":{"start":{"line":60,"column":23},"end":{"line":60,"column":24}},"loc":{"start":{"line":60,"column":57},"end":{"line":72,"column":1}},"line":60},"14":{"name":"(anonymous_14)","decl":{"start":{"line":74,"column":21},"end":{"line":74,"column":22}},"loc":{"start":{"line":75,"column":2},"end":{"line":75,"column":28}},"line":75},"15":{"name":"(anonymous_15)","decl":{"start":{"line":77,"column":23},"end":{"line":77,"column":24}},"loc":{"start":{"line":77,"column":59},"end":{"line":77,"column":70}},"line":77},"16":{"name":"(anonymous_16)","decl":{"start":{"line":79,"column":29},"end":{"line":79,"column":30}},"loc":{"start":{"line":80,"column":2},"end":{"line":80,"column":29}},"line":80},"17":{"name":"(anonymous_17)","decl":{"start":{"line":82,"column":25},"end":{"line":82,"column":26}},"loc":{"start":{"line":83,"column":2},"end":{"line":83,"column":18}},"line":83},"18":{"name":"(anonymous_18)","decl":{"start":{"line":92,"column":26},"end":{"line":92,"column":27}},"loc":{"start":{"line":92,"column":45},"end":{"line":95,"column":1}},"line":92},"19":{"name":"(anonymous_19)","decl":{"start":{"line":101,"column":30},"end":{"line":101,"column":31}},"loc":{"start":{"line":102,"column":2},"end":{"line":102,"column":72}},"line":102}},"branchMap":{"0":{"loc":{"start":{"line":28,"column":2},"end":{"line":28,"column":67}},"type":"binary-expr","locations":[{"start":{"line":28,"column":2},"end":{"line":28,"column":31}},{"start":{"line":28,"column":35},"end":{"line":28,"column":67}}],"line":28},"1":{"loc":{"start":{"line":61,"column":2},"end":{"line":63,"column":3}},"type":"if","locations":[{"start":{"line":61,"column":2},"end":{"line":63,"column":3}},{"start":{},"end":{}}],"line":61},"2":{"loc":{"start":{"line":61,"column":6},"end":{"line":61,"column":35}},"type":"binary-expr","locations":[{"start":{"line":61,"column":6},"end":{"line":61,"column":18}},{"start":{"line":61,"column":22},"end":{"line":61,"column":35}}],"line":61},"3":{"loc":{"start":{"line":65,"column":2},"end":{"line":67,"column":3}},"type":"if","locations":[{"start":{"line":65,"column":2},"end":{"line":67,"column":3}},{"start":{},"end":{}}],"line":65},"4":{"loc":{"start":{"line":65,"column":6},"end":{"line":65,"column":46}},"type":"binary-expr","locations":[{"start":{"line":65,"column":6},"end":{"line":65,"column":24}},{"start":{"line":65,"column":28},"end":{"line":65,"column":46}}],"line":65},"5":{"loc":{"start":{"line":68,"column":2},"end":{"line":70,"column":3}},"type":"if","locations":[{"start":{"line":68,"column":2},"end":{"line":70,"column":3}},{"start":{},"end":{}}],"line":68},"6":{"loc":{"start":{"line":80,"column":2},"end":{"line":80,"column":29}},"type":"binary-expr","locations":[{"start":{"line":80,"column":2},"end":{"line":80,"column":14}},{"start":{"line":80,"column":18},"end":{"line":80,"column":29}}],"line":80}},"s":{"0":1,"1":0,"2":1,"3":0,"4":1,"5":0,"6":1,"7":0,"8":1,"9":0,"10":1,"11":0,"12":1,"13":0,"14":1,"15":0,"16":1,"17":0,"18":1,"19":0,"20":1,"21":0,"22":1,"23":1,"24":1,"25":0,"26":1,"27":0,"28":0,"29":1,"30":0,"31":0,"32":0,"33":0,"34":0,"35":0,"36":0,"37":1,"38":0,"39":1,"40":0,"41":1,"42":0,"43":1,"44":0,"45":1,"46":0,"47":0,"48":1,"49":0},"f":{"0":0,"1":0,"2":0,"3":0,"4":0,"5":0,"6":0,"7":0,"8":0,"9":0,"10":0,"11":0,"12":0,"13":0,"14":0,"15":0,"16":0,"17":0,"18":0,"19":0},"b":{"0":[0,0],"1":[0,0],"2":[0,0],"3":[0,0],"4":[0,0],"5":[0,0],"6":[0,0]},"_coverageSchema":"1a1c01bbd47fc00a2c39e90264f33305004495a9","hash":"486c967d485515a124c4f918f1dce62aa2d33bf9"}
,"C:\\Users\\tanshuangxi\\Documents\\重构项目\\FD重构相关\\Ivy\\tools\\utils.ts": {"path":"C:\\Users\\tanshuangxi\\Documents\\重构项目\\FD重构相关\\Ivy\\tools\\utils.ts","statementMap":{"0":{"start":{"line":29,"column":34},"end":{"line":42,"column":1}},"1":{"start":{"line":31,"column":4},"end":{"line":31,"column":74}},"2":{"start":{"line":34,"column":4},"end":{"line":34,"column":74}},"3":{"start":{"line":37,"column":4},"end":{"line":37,"column":74}},"4":{"start":{"line":40,"column":4},"end":{"line":40,"column":74}},"5":{"start":{"line":47,"column":14},"end":{"line":47,"column":51}},"6":{"start":{"line":47,"column":33},"end":{"line":47,"column":51}},"7":{"start":{"line":48,"column":23},"end":{"line":49,"column":69}},"8":{"start":{"line":49,"column":2},"end":{"line":49,"column":69}},"9":{"start":{"line":50,"column":20},"end":{"line":65,"column":1}},"10":{"start":{"line":51,"column":26},"end":{"line":51,"column":61}},"11":{"start":{"line":52,"column":20},"end":{"line":52,"column":30}},"12":{"start":{"line":53,"column":21},"end":{"line":53,"column":33}},"13":{"start":{"line":54,"column":14},"end":{"line":54,"column":76}},"14":{"start":{"line":54,"column":55},"end":{"line":54,"column":75}},"15":{"start":{"line":55,"column":20},"end":{"line":63,"column":3}},"16":{"start":{"line":56,"column":21},"end":{"line":56,"column":51}},"17":{"start":{"line":57,"column":4},"end":{"line":62,"column":5}},"18":{"start":{"line":58,"column":6},"end":{"line":58,"column":64}},"19":{"start":{"line":59,"column":6},"end":{"line":59,"column":20}},"20":{"start":{"line":61,"column":6},"end":{"line":61,"column":22}},"21":{"start":{"line":64,"column":2},"end":{"line":64,"column":16}},"22":{"start":{"line":79,"column":28},"end":{"line":79,"column":30}},"23":{"start":{"line":80,"column":30},"end":{"line":80,"column":32}},"24":{"start":{"line":81,"column":2},"end":{"line":106,"column":4}},"25":{"start":{"line":82,"column":4},"end":{"line":105,"column":5}},"26":{"start":{"line":84,"column":8},"end":{"line":87,"column":39}},"27":{"start":{"line":88,"column":6},"end":{"line":91,"column":7}},"28":{"start":{"line":89,"column":25},"end":{"line":89,"column":36}},"29":{"start":{"line":90,"column":8},"end":{"line":90,"column":45}},"30":{"start":{"line":92,"column":11},"end":{"line":105,"column":5}},"31":{"start":{"line":94,"column":30},"end":{"line":94,"column":45}},"32":{"start":{"line":95,"column":6},"end":{"line":98,"column":7}},"33":{"start":{"line":96,"column":8},"end":{"line":97,"column":21}},"34":{"start":{"line":97,"column":10},"end":{"line":97,"column":21}},"35":{"start":{"line":99,"column":11},"end":{"line":105,"column":5}},"36":{"start":{"line":101,"column":27},"end":{"line":101,"column":55}},"37":{"start":{"line":102,"column":6},"end":{"line":104,"column":7}},"38":{"start":{"line":103,"column":8},"end":{"line":103,"column":56}},"39":{"start":{"line":108,"column":2},"end":{"line":108,"column":58}},"40":{"start":{"line":114,"column":19},"end":{"line":129,"column":1}},"41":{"start":{"line":115,"column":2},"end":{"line":128,"column":4}},"42":{"start":{"line":116,"column":17},"end":{"line":116,"column":30}},"43":{"start":{"line":117,"column":16},"end":{"line":117,"column":54}},"44":{"start":{"line":118,"column":4},"end":{"line":127,"column":5}},"45":{"start":{"line":119,"column":6},"end":{"line":119,"column":23}},"46":{"start":{"line":121,"column":40},"end":{"line":121,"column":72}},"47":{"start":{"line":122,"column":6},"end":{"line":122,"column":37}},"48":{"start":{"line":123,"column":6},"end":{"line":123,"column":28}},"49":{"start":{"line":124,"column":6},"end":{"line":124,"column":29}},"50":{"start":{"line":125,"column":6},"end":{"line":125,"column":29}},"51":{"start":{"line":126,"column":6},"end":{"line":126,"column":30}},"52":{"start":{"line":136,"column":29},"end":{"line":145,"column":1}},"53":{"start":{"line":137,"column":16},"end":{"line":143,"column":3}},"54":{"start":{"line":139,"column":6},"end":{"line":139,"column":13}},"55":{"start":{"line":140,"column":6},"end":{"line":140,"column":21}},"56":{"start":{"line":144,"column":2},"end":{"line":144,"column":14}},"57":{"start":{"line":153,"column":21},"end":{"line":155,"column":1}},"58":{"start":{"line":154,"column":2},"end":{"line":154,"column":17}},"59":{"start":{"line":162,"column":18},"end":{"line":170,"column":1}},"60":{"start":{"line":163,"column":2},"end":{"line":168,"column":3}},"61":{"start":{"line":164,"column":4},"end":{"line":167,"column":34}},"62":{"start":{"line":169,"column":2},"end":{"line":169,"column":15}},"63":{"start":{"line":184,"column":26},"end":{"line":193,"column":1}},"64":{"start":{"line":185,"column":19},"end":{"line":185,"column":21}},"65":{"start":{"line":186,"column":2},"end":{"line":188,"column":3}},"66":{"start":{"line":187,"column":4},"end":{"line":187,"column":64}},"67":{"start":{"line":189,"column":2},"end":{"line":189,"column":43}},"68":{"start":{"line":190,"column":2},"end":{"line":192,"column":47}},"69":{"start":{"line":200,"column":27},"end":{"line":203,"column":1}},"70":{"start":{"line":201,"column":12},"end":{"line":201,"column":60}},"71":{"start":{"line":202,"column":2},"end":{"line":202,"column":28}},"72":{"start":{"line":210,"column":17},"end":{"line":228,"column":1}},"73":{"start":{"line":211,"column":14},"end":{"line":211,"column":19}},"74":{"start":{"line":212,"column":18},"end":{"line":212,"column":56}},"75":{"start":{"line":213,"column":2},"end":{"line":214,"column":39}},"76":{"start":{"line":213,"column":22},"end":{"line":213,"column":57}},"77":{"start":{"line":213,"column":42},"end":{"line":213,"column":47}},"78":{"start":{"line":214,"column":7},"end":{"line":214,"column":39}},"79":{"start":{"line":214,"column":27},"end":{"line":214,"column":39}},"80":{"start":{"line":215,"column":12},"end":{"line":215,"column":27}},"81":{"start":{"line":216,"column":2},"end":{"line":227,"column":3}},"82":{"start":{"line":240,"column":2},"end":{"line":249,"column":3}},"83":{"start":{"line":241,"column":4},"end":{"line":241,"column":79}},"84":{"start":{"line":241,"column":16},"end":{"line":241,"column":79}},"85":{"start":{"line":243,"column":19},"end":{"line":243,"column":60}},"86":{"start":{"line":244,"column":4},"end":{"line":248,"column":5}},"87":{"start":{"line":245,"column":6},"end":{"line":245,"column":22}},"88":{"start":{"line":247,"column":6},"end":{"line":247,"column":33}},"89":{"start":{"line":292,"column":18},"end":{"line":295,"column":50}},"90":{"start":{"line":293,"column":2},"end":{"line":295,"column":50}},"91":{"start":{"line":294,"column":18},"end":{"line":294,"column":47}},"92":{"start":{"line":295,"column":19},"end":{"line":295,"column":48}},"93":{"start":{"line":302,"column":19},"end":{"line":341,"column":1}},"94":{"start":{"line":303,"column":2},"end":{"line":340,"column":3}},"95":{"start":{"line":304,"column":4},"end":{"line":331,"column":5}},"96":{"start":{"line":305,"column":25},"end":{"line":305,"column":44}},"97":{"start":{"line":306,"column":6},"end":{"line":330,"column":7}},"98":{"start":{"line":307,"column":8},"end":{"line":311,"column":9}},"99":{"start":{"line":308,"column":10},"end":{"line":308,"column":33}},"100":{"start":{"line":310,"column":10},"end":{"line":310,"column":42}},"101":{"start":{"line":312,"column":35},"end":{"line":312,"column":62}},"102":{"start":{"line":313,"column":8},"end":{"line":327,"column":9}},"103":{"start":{"line":314,"column":10},"end":{"line":316,"column":11}},"104":{"start":{"line":317,"column":10},"end":{"line":317,"column":31}},"105":{"start":{"line":319,"column":47},"end":{"line":319,"column":54}},"106":{"start":{"line":320,"column":10},"end":{"line":326,"column":11}},"107":{"start":{"line":321,"column":12},"end":{"line":321,"column":26}},"108":{"start":{"line":323,"column":12},"end":{"line":325,"column":13}},"109":{"start":{"line":329,"column":8},"end":{"line":329,"column":19}},"110":{"start":{"line":333,"column":4},"end":{"line":335,"column":5}},"111":{"start":{"line":337,"column":4},"end":{"line":339,"column":5}},"112":{"start":{"line":338,"column":6},"end":{"line":338,"column":17}}},"fnMap":{"0":{"name":"(anonymous_0)","decl":{"start":{"line":30,"column":2},"end":{"line":30,"column":3}},"loc":{"start":{"line":30,"column":11},"end":{"line":32,"column":3}},"line":30},"1":{"name":"(anonymous_1)","decl":{"start":{"line":33,"column":2},"end":{"line":33,"column":3}},"loc":{"start":{"line":33,"column":12},"end":{"line":35,"column":3}},"line":33},"2":{"name":"(anonymous_2)","decl":{"start":{"line":36,"column":2},"end":{"line":36,"column":3}},"loc":{"start":{"line":36,"column":13},"end":{"line":38,"column":3}},"line":36},"3":{"name":"(anonymous_3)","decl":{"start":{"line":39,"column":2},"end":{"line":39,"column":3}},"loc":{"start":{"line":39,"column":15},"end":{"line":41,"column":3}},"line":39},"4":{"name":"(anonymous_4)","decl":{"start":{"line":47,"column":14},"end":{"line":47,"column":15}},"loc":{"start":{"line":47,"column":33},"end":{"line":47,"column":51}},"line":47},"5":{"name":"(anonymous_5)","decl":{"start":{"line":48,"column":23},"end":{"line":48,"column":24}},"loc":{"start":{"line":49,"column":2},"end":{"line":49,"column":69}},"line":49},"6":{"name":"(anonymous_6)","decl":{"start":{"line":50,"column":20},"end":{"line":50,"column":21}},"loc":{"start":{"line":50,"column":46},"end":{"line":65,"column":1}},"line":50},"7":{"name":"(anonymous_7)","decl":{"start":{"line":54,"column":47},"end":{"line":54,"column":48}},"loc":{"start":{"line":54,"column":55},"end":{"line":54,"column":75}},"line":54},"8":{"name":"(anonymous_8)","decl":{"start":{"line":55,"column":20},"end":{"line":55,"column":21}},"loc":{"start":{"line":55,"column":26},"end":{"line":63,"column":3}},"line":55},"9":{"name":"autoImport","decl":{"start":{"line":78,"column":9},"end":{"line":78,"column":19}},"loc":{"start":{"line":78,"column":46},"end":{"line":109,"column":1}},"line":78},"10":{"name":"(anonymous_10)","decl":{"start":{"line":81,"column":23},"end":{"line":81,"column":24}},"loc":{"start":{"line":81,"column":31},"end":{"line":106,"column":3}},"line":81},"11":{"name":"(anonymous_11)","decl":{"start":{"line":114,"column":19},"end":{"line":114,"column":20}},"loc":{"start":{"line":114,"column":56},"end":{"line":129,"column":1}},"line":114},"12":{"name":"(anonymous_12)","decl":{"start":{"line":115,"column":14},"end":{"line":115,"column":15}},"loc":{"start":{"line":115,"column":35},"end":{"line":128,"column":3}},"line":115},"13":{"name":"(anonymous_13)","decl":{"start":{"line":136,"column":29},"end":{"line":136,"column":30}},"loc":{"start":{"line":136,"column":71},"end":{"line":145,"column":1}},"line":136},"14":{"name":"callback","decl":{"start":{"line":138,"column":14},"end":{"line":138,"column":22}},"loc":{"start":{"line":138,"column":42},"end":{"line":141,"column":5}},"line":138},"15":{"name":"(anonymous_15)","decl":{"start":{"line":153,"column":21},"end":{"line":153,"column":22}},"loc":{"start":{"line":153,"column":63},"end":{"line":155,"column":1}},"line":153},"16":{"name":"(anonymous_16)","decl":{"start":{"line":162,"column":18},"end":{"line":162,"column":19}},"loc":{"start":{"line":162,"column":69},"end":{"line":170,"column":1}},"line":162},"17":{"name":"(anonymous_17)","decl":{"start":{"line":184,"column":26},"end":{"line":184,"column":27}},"loc":{"start":{"line":184,"column":65},"end":{"line":193,"column":1}},"line":184},"18":{"name":"(anonymous_18)","decl":{"start":{"line":200,"column":27},"end":{"line":200,"column":28}},"loc":{"start":{"line":200,"column":33},"end":{"line":203,"column":1}},"line":200},"19":{"name":"(anonymous_19)","decl":{"start":{"line":210,"column":17},"end":{"line":210,"column":18}},"loc":{"start":{"line":210,"column":34},"end":{"line":228,"column":1}},"line":210},"20":{"name":"(anonymous_20)","decl":{"start":{"line":213,"column":37},"end":{"line":213,"column":38}},"loc":{"start":{"line":213,"column":42},"end":{"line":213,"column":47}},"line":213},"21":{"name":"RGBToHex","decl":{"start":{"line":239,"column":9},"end":{"line":239,"column":17}},"loc":{"start":{"line":239,"column":62},"end":{"line":250,"column":1}},"line":239},"22":{"name":"(anonymous_22)","decl":{"start":{"line":292,"column":18},"end":{"line":292,"column":19}},"loc":{"start":{"line":293,"column":2},"end":{"line":295,"column":50}},"line":293},"23":{"name":"(anonymous_23)","decl":{"start":{"line":294,"column":10},"end":{"line":294,"column":11}},"loc":{"start":{"line":294,"column":18},"end":{"line":294,"column":47}},"line":294},"24":{"name":"(anonymous_24)","decl":{"start":{"line":295,"column":11},"end":{"line":295,"column":12}},"loc":{"start":{"line":295,"column":19},"end":{"line":295,"column":48}},"line":295},"25":{"name":"(anonymous_25)","decl":{"start":{"line":302,"column":19},"end":{"line":302,"column":20}},"loc":{"start":{"line":302,"column":79},"end":{"line":341,"column":1}},"line":302},"26":{"name":"(anonymous_26)","decl":{"start":{"line":304,"column":11},"end":{"line":304,"column":12}},"loc":{"start":{"line":304,"column":43},"end":{"line":331,"column":5}},"line":304},"27":{"name":"(anonymous_27)","decl":{"start":{"line":337,"column":11},"end":{"line":337,"column":12}},"loc":{"start":{"line":337,"column":43},"end":{"line":339,"column":5}},"line":337}},"branchMap":{"0":{"loc":{"start":{"line":49,"column":2},"end":{"line":49,"column":69}},"type":"cond-expr","locations":[{"start":{"line":49,"column":16},"end":{"line":49,"column":36}},{"start":{"line":49,"column":39},"end":{"line":49,"column":69}}],"line":49},"1":{"loc":{"start":{"line":51,"column":26},"end":{"line":51,"column":61}},"type":"binary-expr","locations":[{"start":{"line":51,"column":26},"end":{"line":51,"column":33}},{"start":{"line":51,"column":37},"end":{"line":51,"column":61}}],"line":51},"2":{"loc":{"start":{"line":54,"column":14},"end":{"line":54,"column":76}},"type":"binary-expr","locations":[{"start":{"line":54,"column":14},"end":{"line":54,"column":42}},{"start":{"line":54,"column":47},"end":{"line":54,"column":75}}],"line":54},"3":{"loc":{"start":{"line":57,"column":4},"end":{"line":62,"column":5}},"type":"if","locations":[{"start":{"line":57,"column":4},"end":{"line":62,"column":5}},{"start":{"line":60,"column":11},"end":{"line":62,"column":5}}],"line":57},"4":{"loc":{"start":{"line":82,"column":4},"end":{"line":105,"column":5}},"type":"if","locations":[{"start":{"line":82,"column":4},"end":{"line":105,"column":5}},{"start":{"line":92,"column":11},"end":{"line":105,"column":5}}],"line":82},"5":{"loc":{"start":{"line":84,"column":8},"end":{"line":87,"column":39}},"type":"binary-expr","locations":[{"start":{"line":84,"column":8},"end":{"line":87,"column":33}},{"start":{"line":87,"column":37},"end":{"line":87,"column":39}}],"line":84},"6":{"loc":{"start":{"line":88,"column":6},"end":{"line":91,"column":7}},"type":"if","locations":[{"start":{"line":88,"column":6},"end":{"line":91,"column":7}},{"start":{},"end":{}}],"line":88},"7":{"loc":{"start":{"line":88,"column":10},"end":{"line":88,"column":54}},"type":"binary-expr","locations":[{"start":{"line":88,"column":10},"end":{"line":88,"column":18}},{"start":{"line":88,"column":22},"end":{"line":88,"column":54}}],"line":88},"8":{"loc":{"start":{"line":92,"column":11},"end":{"line":105,"column":5}},"type":"if","locations":[{"start":{"line":92,"column":11},"end":{"line":105,"column":5}},{"start":{"line":99,"column":11},"end":{"line":105,"column":5}}],"line":92},"9":{"loc":{"start":{"line":95,"column":6},"end":{"line":98,"column":7}},"type":"if","locations":[{"start":{"line":95,"column":6},"end":{"line":98,"column":7}},{"start":{},"end":{}}],"line":95},"10":{"loc":{"start":{"line":96,"column":8},"end":{"line":97,"column":21}},"type":"if","locations":[{"start":{"line":96,"column":8},"end":{"line":97,"column":21}},{"start":{},"end":{}}],"line":96},"11":{"loc":{"start":{"line":96,"column":12},"end":{"line":96,"column":71}},"type":"binary-expr","locations":[{"start":{"line":96,"column":12},"end":{"line":96,"column":20}},{"start":{"line":96,"column":24},"end":{"line":96,"column":71}}],"line":96},"12":{"loc":{"start":{"line":99,"column":11},"end":{"line":105,"column":5}},"type":"if","locations":[{"start":{"line":99,"column":11},"end":{"line":105,"column":5}},{"start":{},"end":{}}],"line":99},"13":{"loc":{"start":{"line":102,"column":6},"end":{"line":104,"column":7}},"type":"if","locations":[{"start":{"line":102,"column":6},"end":{"line":104,"column":7}},{"start":{},"end":{}}],"line":102},"14":{"loc":{"start":{"line":102,"column":10},"end":{"line":102,"column":50}},"type":"binary-expr","locations":[{"start":{"line":102,"column":10},"end":{"line":102,"column":18}},{"start":{"line":102,"column":22},"end":{"line":102,"column":50}}],"line":102},"15":{"loc":{"start":{"line":103,"column":20},"end":{"line":103,"column":55}},"type":"binary-expr","locations":[{"start":{"line":103,"column":20},"end":{"line":103,"column":40}},{"start":{"line":103,"column":44},"end":{"line":103,"column":55}}],"line":103},"16":{"loc":{"start":{"line":108,"column":9},"end":{"line":108,"column":58}},"type":"cond-expr","locations":[{"start":{"line":108,"column":42},"end":{"line":108,"column":48}},{"start":{"line":108,"column":51},"end":{"line":108,"column":58}}],"line":108},"17":{"loc":{"start":{"line":118,"column":4},"end":{"line":127,"column":5}},"type":"if","locations":[{"start":{"line":118,"column":4},"end":{"line":127,"column":5}},{"start":{"line":120,"column":11},"end":{"line":127,"column":5}}],"line":118},"18":{"loc":{"start":{"line":162,"column":48},"end":{"line":162,"column":61}},"type":"default-arg","locations":[{"start":{"line":162,"column":59},"end":{"line":162,"column":61}}],"line":162},"19":{"loc":{"start":{"line":165,"column":6},"end":{"line":167,"column":34}},"type":"cond-expr","locations":[{"start":{"line":166,"column":10},"end":{"line":166,"column":42}},{"start":{"line":167,"column":11},"end":{"line":167,"column":33}}],"line":165},"20":{"loc":{"start":{"line":190,"column":9},"end":{"line":192,"column":47}},"type":"cond-expr","locations":[{"start":{"line":191,"column":6},"end":{"line":191,"column":26}},{"start":{"line":192,"column":6},"end":{"line":192,"column":47}}],"line":190},"21":{"loc":{"start":{"line":212,"column":28},"end":{"line":212,"column":55}},"type":"cond-expr","locations":[{"start":{"line":212,"column":50},"end":{"line":212,"column":51}},{"start":{"line":212,"column":54},"end":{"line":212,"column":55}}],"line":212},"22":{"loc":{"start":{"line":213,"column":2},"end":{"line":214,"column":39}},"type":"if","locations":[{"start":{"line":213,"column":2},"end":{"line":214,"column":39}},{"start":{"line":214,"column":7},"end":{"line":214,"column":39}}],"line":213},"23":{"loc":{"start":{"line":214,"column":7},"end":{"line":214,"column":39}},"type":"if","locations":[{"start":{"line":214,"column":7},"end":{"line":214,"column":39}},{"start":{},"end":{}}],"line":214},"24":{"loc":{"start":{"line":218,"column":5},"end":{"line":218,"column":21}},"type":"cond-expr","locations":[{"start":{"line":218,"column":13},"end":{"line":218,"column":16}},{"start":{"line":218,"column":19},"end":{"line":218,"column":21}}],"line":218},"25":{"loc":{"start":{"line":220,"column":12},"end":{"line":220,"column":27}},"type":"cond-expr","locations":[{"start":{"line":220,"column":20},"end":{"line":220,"column":22}},{"start":{"line":220,"column":25},"end":{"line":220,"column":27}}],"line":220},"26":{"loc":{"start":{"line":222,"column":11},"end":{"line":222,"column":40}},"type":"cond-expr","locations":[{"start":{"line":222,"column":19},"end":{"line":222,"column":29}},{"start":{"line":222,"column":32},"end":{"line":222,"column":40}}],"line":222},"27":{"loc":{"start":{"line":222,"column":48},"end":{"line":222,"column":62}},"type":"cond-expr","locations":[{"start":{"line":222,"column":56},"end":{"line":222,"column":58}},{"start":{"line":222,"column":61},"end":{"line":222,"column":62}}],"line":222},"28":{"loc":{"start":{"line":224,"column":11},"end":{"line":224,"column":40}},"type":"cond-expr","locations":[{"start":{"line":224,"column":19},"end":{"line":224,"column":29}},{"start":{"line":224,"column":32},"end":{"line":224,"column":40}}],"line":224},"29":{"loc":{"start":{"line":224,"column":48},"end":{"line":224,"column":61}},"type":"cond-expr","locations":[{"start":{"line":224,"column":56},"end":{"line":224,"column":57}},{"start":{"line":224,"column":60},"end":{"line":224,"column":61}}],"line":224},"30":{"loc":{"start":{"line":225,"column":5},"end":{"line":225,"column":39}},"type":"cond-expr","locations":[{"start":{"line":225,"column":13},"end":{"line":225,"column":34}},{"start":{"line":225,"column":37},"end":{"line":225,"column":39}}],"line":225},"31":{"loc":{"start":{"line":240,"column":2},"end":{"line":249,"column":3}},"type":"if","locations":[{"start":{"line":240,"column":2},"end":{"line":249,"column":3}},{"start":{"line":242,"column":9},"end":{"line":249,"column":3}}],"line":240},"32":{"loc":{"start":{"line":241,"column":4},"end":{"line":241,"column":79}},"type":"if","locations":[{"start":{"line":241,"column":4},"end":{"line":241,"column":79}},{"start":{},"end":{}}],"line":241},"33":{"loc":{"start":{"line":241,"column":8},"end":{"line":241,"column":14}},"type":"binary-expr","locations":[{"start":{"line":241,"column":8},"end":{"line":241,"column":9}},{"start":{"line":241,"column":13},"end":{"line":241,"column":14}}],"line":241},"34":{"loc":{"start":{"line":244,"column":4},"end":{"line":248,"column":5}},"type":"if","locations":[{"start":{"line":244,"column":4},"end":{"line":248,"column":5}},{"start":{"line":246,"column":11},"end":{"line":248,"column":5}}],"line":244},"35":{"loc":{"start":{"line":303,"column":2},"end":{"line":340,"column":3}},"type":"if","locations":[{"start":{"line":303,"column":2},"end":{"line":340,"column":3}},{"start":{"line":332,"column":9},"end":{"line":340,"column":3}}],"line":303},"36":{"loc":{"start":{"line":306,"column":6},"end":{"line":330,"column":7}},"type":"if","locations":[{"start":{"line":306,"column":6},"end":{"line":330,"column":7}},{"start":{"line":328,"column":13},"end":{"line":330,"column":7}}],"line":306},"37":{"loc":{"start":{"line":307,"column":8},"end":{"line":311,"column":9}},"type":"if","locations":[{"start":{"line":307,"column":8},"end":{"line":311,"column":9}},{"start":{"line":309,"column":15},"end":{"line":311,"column":9}}],"line":307},"38":{"loc":{"start":{"line":307,"column":12},"end":{"line":307,"column":54}},"type":"binary-expr","locations":[{"start":{"line":307,"column":12},"end":{"line":307,"column":25}},{"start":{"line":307,"column":29},"end":{"line":307,"column":54}}],"line":307},"39":{"loc":{"start":{"line":313,"column":8},"end":{"line":327,"column":9}},"type":"if","locations":[{"start":{"line":313,"column":8},"end":{"line":327,"column":9}},{"start":{"line":318,"column":15},"end":{"line":327,"column":9}}],"line":313},"40":{"loc":{"start":{"line":319,"column":18},"end":{"line":319,"column":28}},"type":"default-arg","locations":[{"start":{"line":319,"column":25},"end":{"line":319,"column":28}}],"line":319},"41":{"loc":{"start":{"line":319,"column":30},"end":{"line":319,"column":42}},"type":"default-arg","locations":[{"start":{"line":319,"column":40},"end":{"line":319,"column":42}}],"line":319},"42":{"loc":{"start":{"line":320,"column":10},"end":{"line":326,"column":11}},"type":"if","locations":[{"start":{"line":320,"column":10},"end":{"line":326,"column":11}},{"start":{"line":322,"column":17},"end":{"line":326,"column":11}}],"line":320}},"s":{"0":1,"1":1,"2":1,"3":1,"4":1,"5":1,"6":0,"7":1,"8":0,"9":1,"10":0,"11":0,"12":0,"13":0,"14":0,"15":0,"16":0,"17":0,"18":0,"19":0,"20":0,"21":0,"22":0,"23":0,"24":0,"25":0,"26":0,"27":0,"28":0,"29":0,"30":0,"31":0,"32":0,"33":0,"34":0,"35":0,"36":0,"37":0,"38":0,"39":0,"40":1,"41":0,"42":0,"43":0,"44":0,"45":0,"46":0,"47":0,"48":0,"49":0,"50":0,"51":0,"52":1,"53":0,"54":0,"55":0,"56":0,"57":1,"58":0,"59":1,"60":0,"61":0,"62":0,"63":1,"64":0,"65":0,"66":0,"67":0,"68":0,"69":1,"70":0,"71":0,"72":1,"73":0,"74":0,"75":0,"76":0,"77":0,"78":0,"79":0,"80":0,"81":0,"82":0,"83":0,"84":0,"85":0,"86":0,"87":0,"88":0,"89":1,"90":0,"91":0,"92":0,"93":1,"94":0,"95":0,"96":0,"97":0,"98":0,"99":0,"100":0,"101":0,"102":0,"103":0,"104":0,"105":0,"106":0,"107":0,"108":0,"109":0,"110":0,"111":0,"112":0},"f":{"0":1,"1":1,"2":1,"3":1,"4":0,"5":0,"6":0,"7":0,"8":0,"9":0,"10":0,"11":0,"12":0,"13":0,"14":0,"15":0,"16":0,"17":0,"18":0,"19":0,"20":0,"21":0,"22":0,"23":0,"24":0,"25":0,"26":0,"27":0},"b":{"0":[0,0],"1":[0,0],"2":[0,0],"3":[0,0],"4":[0,0],"5":[0,0],"6":[0,0],"7":[0,0],"8":[0,0],"9":[0,0],"10":[0,0],"11":[0,0],"12":[0,0],"13":[0,0],"14":[0,0],"15":[0,0],"16":[0,0],"17":[0,0],"18":[0],"19":[0,0],"20":[0,0],"21":[0,0],"22":[0,0],"23":[0,0],"24":[0,0],"25":[0,0],"26":[0,0],"27":[0,0],"28":[0,0],"29":[0,0],"30":[0,0],"31":[0,0],"32":[0,0],"33":[0,0],"34":[0,0],"35":[0,0],"36":[0,0],"37":[0,0],"38":[0,0],"39":[0,0],"40":[0],"41":[0],"42":[0,0]},"_coverageSchema":"1a1c01bbd47fc00a2c39e90264f33305004495a9","hash":"da740fef31d1e976b3b9ddeaa609525dd189ac9f"}
}
